Analysis & Synthesis report for RelogioDigital
Fri Jun 23 04:52:42 2023
Quartus II 64-Bit Version 13.0.1 Build 232 06/12/2013 Service Pack 1 SJ Web Edition


---------------------
; Table of Contents ;
---------------------
  1. Legal Notice
  2. Analysis & Synthesis Summary
  3. Analysis & Synthesis Settings
  4. Parallel Compilation
  5. Analysis & Synthesis Source Files Read
  6. Analysis & Synthesis Resource Usage Summary
  7. Analysis & Synthesis Resource Utilization by Entity
  8. Registers Removed During Synthesis
  9. Removed Registers Triggering Further Register Optimizations
 10. General Register Statistics
 11. Port Connectivity Checks: "moduleSeveSegmentDisplay:moduleSeveSegmentDisplay4"
 12. Port Connectivity Checks: "moduleSeveSegmentDisplay:moduleSeveSegmentDispla3"
 13. Port Connectivity Checks: "moduleSeveSegmentDisplay:moduleSeveSegmentDisplay2"
 14. Port Connectivity Checks: "moduleSeveSegmentDisplay:moduleSeveSegmentDisplay1"
 15. Elapsed Time Per Partition
 16. Analysis & Synthesis Messages



----------------
; Legal Notice ;
----------------
Copyright (C) 1991-2013 Altera Corporation
Your use of Altera Corporation's design tools, logic functions 
and other software and tools, and its AMPP partner logic 
functions, and any output files from any of the foregoing 
(including device programming or simulation files), and any 
associated documentation or information are expressly subject 
to the terms and conditions of the Altera Program License 
Subscription Agreement, Altera MegaCore Function License 
Agreement, or other applicable license agreement, including, 
without limitation, that your use is for the sole purpose of 
programming logic devices manufactured by Altera and sold by 
Altera or its authorized distributors.  Please refer to the 
applicable agreement for further details.



+--------------------------------------------------------------------------------------+
; Analysis & Synthesis Summary                                                         ;
+------------------------------------+-------------------------------------------------+
; Analysis & Synthesis Status        ; Successful - Fri Jun 23 04:52:42 2023           ;
; Quartus II 64-Bit Version          ; 13.0.1 Build 232 06/12/2013 SP 1 SJ Web Edition ;
; Revision Name                      ; RelogioDigital                                  ;
; Top-level Entity Name              ; RelogioDigital                                  ;
; Family                             ; Cyclone IV E                                    ;
; Total logic elements               ; 93                                              ;
;     Total combinational functions  ; 93                                              ;
;     Dedicated logic registers      ; 40                                              ;
; Total registers                    ; 40                                              ;
; Total pins                         ; 30                                              ;
; Total virtual pins                 ; 0                                               ;
; Total memory bits                  ; 0                                               ;
; Embedded Multiplier 9-bit elements ; 0                                               ;
; Total PLLs                         ; 0                                               ;
+------------------------------------+-------------------------------------------------+


+----------------------------------------------------------------------------------------------------------------------+
; Analysis & Synthesis Settings                                                                                        ;
+----------------------------------------------------------------------------+--------------------+--------------------+
; Option                                                                     ; Setting            ; Default Value      ;
+----------------------------------------------------------------------------+--------------------+--------------------+
; Device                                                                     ; EP4CE115F29C7      ;                    ;
; Top-level entity name                                                      ; RelogioDigital     ; RelogioDigital     ;
; Family name                                                                ; Cyclone IV E       ; Cyclone IV GX      ;
; Use smart compilation                                                      ; Off                ; Off                ;
; Enable parallel Assembler and TimeQuest Timing Analyzer during compilation ; On                 ; On                 ;
; Enable compact report table                                                ; Off                ; Off                ;
; Restructure Multiplexers                                                   ; Auto               ; Auto               ;
; Create Debugging Nodes for IP Cores                                        ; Off                ; Off                ;
; Preserve fewer node names                                                  ; On                 ; On                 ;
; Disable OpenCore Plus hardware evaluation                                  ; Off                ; Off                ;
; Verilog Version                                                            ; Verilog_2001       ; Verilog_2001       ;
; VHDL Version                                                               ; VHDL_1993          ; VHDL_1993          ;
; State Machine Processing                                                   ; Auto               ; Auto               ;
; Safe State Machine                                                         ; Off                ; Off                ;
; Extract Verilog State Machines                                             ; On                 ; On                 ;
; Extract VHDL State Machines                                                ; On                 ; On                 ;
; Ignore Verilog initial constructs                                          ; Off                ; Off                ;
; Iteration limit for constant Verilog loops                                 ; 5000               ; 5000               ;
; Iteration limit for non-constant Verilog loops                             ; 250                ; 250                ;
; Add Pass-Through Logic to Inferred RAMs                                    ; On                 ; On                 ;
; Infer RAMs from Raw Logic                                                  ; On                 ; On                 ;
; Parallel Synthesis                                                         ; On                 ; On                 ;
; DSP Block Balancing                                                        ; Auto               ; Auto               ;
; NOT Gate Push-Back                                                         ; On                 ; On                 ;
; Power-Up Don't Care                                                        ; On                 ; On                 ;
; Remove Redundant Logic Cells                                               ; Off                ; Off                ;
; Remove Duplicate Registers                                                 ; On                 ; On                 ;
; Ignore CARRY Buffers                                                       ; Off                ; Off                ;
; Ignore CASCADE Buffers                                                     ; Off                ; Off                ;
; Ignore GLOBAL Buffers                                                      ; Off                ; Off                ;
; Ignore ROW GLOBAL Buffers                                                  ; Off                ; Off                ;
; Ignore LCELL Buffers                                                       ; Off                ; Off                ;
; Ignore SOFT Buffers                                                        ; On                 ; On                 ;
; Limit AHDL Integers to 32 Bits                                             ; Off                ; Off                ;
; Optimization Technique                                                     ; Balanced           ; Balanced           ;
; Carry Chain Length                                                         ; 70                 ; 70                 ;
; Auto Carry Chains                                                          ; On                 ; On                 ;
; Auto Open-Drain Pins                                                       ; On                 ; On                 ;
; Perform WYSIWYG Primitive Resynthesis                                      ; Off                ; Off                ;
; Auto ROM Replacement                                                       ; On                 ; On                 ;
; Auto RAM Replacement                                                       ; On                 ; On                 ;
; Auto DSP Block Replacement                                                 ; On                 ; On                 ;
; Auto Shift Register Replacement                                            ; Auto               ; Auto               ;
; Allow Shift Register Merging across Hierarchies                            ; Auto               ; Auto               ;
; Auto Clock Enable Replacement                                              ; On                 ; On                 ;
; Strict RAM Replacement                                                     ; Off                ; Off                ;
; Allow Synchronous Control Signals                                          ; On                 ; On                 ;
; Force Use of Synchronous Clear Signals                                     ; Off                ; Off                ;
; Auto RAM Block Balancing                                                   ; On                 ; On                 ;
; Auto RAM to Logic Cell Conversion                                          ; Off                ; Off                ;
; Auto Resource Sharing                                                      ; Off                ; Off                ;
; Allow Any RAM Size For Recognition                                         ; Off                ; Off                ;
; Allow Any ROM Size For Recognition                                         ; Off                ; Off                ;
; Allow Any Shift Register Size For Recognition                              ; Off                ; Off                ;
; Use LogicLock Constraints during Resource Balancing                        ; On                 ; On                 ;
; Ignore translate_off and synthesis_off directives                          ; Off                ; Off                ;
; Timing-Driven Synthesis                                                    ; On                 ; On                 ;
; Report Parameter Settings                                                  ; On                 ; On                 ;
; Report Source Assignments                                                  ; On                 ; On                 ;
; Report Connectivity Checks                                                 ; On                 ; On                 ;
; Ignore Maximum Fan-Out Assignments                                         ; Off                ; Off                ;
; Synchronization Register Chain Length                                      ; 2                  ; 2                  ;
; PowerPlay Power Optimization                                               ; Normal compilation ; Normal compilation ;
; HDL message level                                                          ; Level2             ; Level2             ;
; Suppress Register Optimization Related Messages                            ; Off                ; Off                ;
; Number of Removed Registers Reported in Synthesis Report                   ; 5000               ; 5000               ;
; Number of Swept Nodes Reported in Synthesis Report                         ; 5000               ; 5000               ;
; Number of Inverted Registers Reported in Synthesis Report                  ; 100                ; 100                ;
; Clock MUX Protection                                                       ; On                 ; On                 ;
; Auto Gated Clock Conversion                                                ; Off                ; Off                ;
; Block Design Naming                                                        ; Auto               ; Auto               ;
; SDC constraint protection                                                  ; Off                ; Off                ;
; Synthesis Effort                                                           ; Auto               ; Auto               ;
; Shift Register Replacement - Allow Asynchronous Clear Signal               ; On                 ; On                 ;
; Pre-Mapping Resynthesis Optimization                                       ; Off                ; Off                ;
; Analysis & Synthesis Message Level                                         ; Medium             ; Medium             ;
; Disable Register Merging Across Hierarchies                                ; Auto               ; Auto               ;
; Resource Aware Inference For Block RAM                                     ; On                 ; On                 ;
; Synthesis Seed                                                             ; 1                  ; 1                  ;
+----------------------------------------------------------------------------+--------------------+--------------------+


Parallel compilation was disabled, but you have multiple processors available. Enable parallel compilation to reduce compilation time.
+-------------------------------------+
; Parallel Compilation                ;
+----------------------------+--------+
; Processors                 ; Number ;
+----------------------------+--------+
; Number detected on machine ; 5      ;
; Maximum allowed            ; 1      ;
+----------------------------+--------+


+---------------------------------------------------------------------------------------------------------------------------------------------------------------------------------------------------------------+
; Analysis & Synthesis Source Files Read                                                                                                                                                                        ;
+----------------------------------+-----------------+------------------------+-----------------------------------------------------------------------------------------------------------------------+---------+
; File Name with User-Entered Path ; Used in Netlist ; File Type              ; File Name with Absolute Path                                                                                          ; Library ;
+----------------------------------+-----------------+------------------------+-----------------------------------------------------------------------------------------------------------------------+---------+
; RelogioDigital.v                 ; yes             ; User Verilog HDL File  ; C:/Users/evand/OneDrive/Documentos/Evandro/GitClone/Digital-Electronics-II/Task 01 - Relogio Digital/RelogioDigital.v ;         ;
+----------------------------------+-----------------+------------------------+-----------------------------------------------------------------------------------------------------------------------+---------+


+---------------------------------------------------------+
; Analysis & Synthesis Resource Usage Summary             ;
+---------------------------------------------+-----------+
; Resource                                    ; Usage     ;
+---------------------------------------------+-----------+
; Estimated Total logic elements              ; 93        ;
;                                             ;           ;
; Total combinational functions               ; 93        ;
; Logic element usage by number of LUT inputs ;           ;
;     -- 4 input functions                    ; 29        ;
;     -- 3 input functions                    ; 4         ;
;     -- <=2 input functions                  ; 60        ;
;                                             ;           ;
; Logic elements by mode                      ;           ;
;     -- normal mode                          ; 68        ;
;     -- arithmetic mode                      ; 25        ;
;                                             ;           ;
; Total registers                             ; 40        ;
;     -- Dedicated logic registers            ; 40        ;
;     -- I/O registers                        ; 0         ;
;                                             ;           ;
; I/O pins                                    ; 30        ;
; Embedded Multiplier 9-bit elements          ; 0         ;
; Maximum fan-out node                        ; clk~input ;
; Maximum fan-out                             ; 27        ;
; Total fan-out                               ; 379       ;
; Average fan-out                             ; 1.96      ;
+---------------------------------------------+-----------+


+--------------------------------------------------------------------------------------------------------------------------------------------------------------------------------------------------------------------------------------------------------------------------------------------+
; Analysis & Synthesis Resource Utilization by Entity                                                                                                                                                                                                                                        ;
+--------------------------------------------------------------+-------------------+--------------+-------------+--------------+---------+-----------+------+--------------+--------------------------------------------------------------------------------------------------+--------------+
; Compilation Hierarchy Node                                   ; LC Combinationals ; LC Registers ; Memory Bits ; DSP Elements ; DSP 9x9 ; DSP 18x18 ; Pins ; Virtual Pins ; Full Hierarchy Name                                                                              ; Library Name ;
+--------------------------------------------------------------+-------------------+--------------+-------------+--------------+---------+-----------+------+--------------+--------------------------------------------------------------------------------------------------+--------------+
; |RelogioDigital                                              ; 93 (0)            ; 40 (0)       ; 0           ; 0            ; 0       ; 0         ; 30   ; 0            ; |RelogioDigital                                                                                  ; work         ;
;    |countSecondFirstDigit:countSecondFirstDigitModule|       ; 5 (5)             ; 4 (4)        ; 0           ; 0            ; 0       ; 0         ; 0    ; 0            ; |RelogioDigital|countSecondFirstDigit:countSecondFirstDigitModule                                ; work         ;
;    |countSecondSecondDigit:countSecondSecondDigitModule|     ; 5 (5)             ; 4 (4)        ; 0           ; 0            ; 0       ; 0         ; 0    ; 0            ; |RelogioDigital|countSecondSecondDigit:countSecondSecondDigitModule                              ; work         ;
;    |divisorDeFrequenciaSegundos:divisorDeFrequenciaSegundos| ; 49 (49)           ; 27 (27)      ; 0           ; 0            ; 0       ; 0         ; 0    ; 0            ; |RelogioDigital|divisorDeFrequenciaSegundos:divisorDeFrequenciaSegundos                          ; work         ;
;    |moduleSeveSegmentDisplay:moduleSeveSegmentDispla3|       ; 20 (6)            ; 5 (5)        ; 0           ; 0            ; 0       ; 0         ; 0    ; 0            ; |RelogioDigital|moduleSeveSegmentDisplay:moduleSeveSegmentDispla3                                ; work         ;
;       |segDisplayControl:segDisplay2|                        ; 14 (14)           ; 0 (0)        ; 0           ; 0            ; 0       ; 0         ; 0    ; 0            ; |RelogioDigital|moduleSeveSegmentDisplay:moduleSeveSegmentDispla3|segDisplayControl:segDisplay2  ; work         ;
;    |moduleSeveSegmentDisplay:moduleSeveSegmentDisplay4|      ; 14 (0)            ; 0 (0)        ; 0           ; 0            ; 0       ; 0         ; 0    ; 0            ; |RelogioDigital|moduleSeveSegmentDisplay:moduleSeveSegmentDisplay4                               ; work         ;
;       |segDisplayControl:segDisplay2|                        ; 14 (14)           ; 0 (0)        ; 0           ; 0            ; 0       ; 0         ; 0    ; 0            ; |RelogioDigital|moduleSeveSegmentDisplay:moduleSeveSegmentDisplay4|segDisplayControl:segDisplay2 ; work         ;
+--------------------------------------------------------------+-------------------+--------------+-------------+--------------+---------+-----------+------+--------------+--------------------------------------------------------------------------------------------------+--------------+
Note: For table entries with two numbers listed, the numbers in parentheses indicate the number of resources of the given type used by the specific entity alone. The numbers listed outside of parentheses indicate the total resources of the given type used by the specific entity and all of its sub-entities in the hierarchy.


+------------------------------------------------------------------------------------------------------------------------------------------------------+
; Registers Removed During Synthesis                                                                                                                   ;
+---------------------------------------------------------------------+--------------------------------------------------------------------------------+
; Register name                                                       ; Reason for Removal                                                             ;
+---------------------------------------------------------------------+--------------------------------------------------------------------------------+
; countHourSecondDigit:countHourSecondDigitModule|hour[0..3]          ; Stuck at GND due to stuck port clock                                           ;
; countHourFirstDigit:countHourFirstDigitModule|hour[0..3]            ; Stuck at GND due to stuck port clock                                           ;
; countMinuteSecondDigit:countMinuteSecondDigitModule|minute[0]       ; Stuck at GND due to stuck port clock                                           ;
; countMinuteSecondDigit:countMinuteSecondDigitModule|contandor[0..3] ; Stuck at GND due to stuck port clock                                           ;
; countMinuteSecondDigit:countMinuteSecondDigitModule|minute[1..3]    ; Stuck at GND due to stuck port clock                                           ;
; countMinuteFirstDigit:countMinuteFirstDigiteModule|minute[0..3]     ; Stuck at GND due to stuck port clock                                           ;
; moduleSeveSegmentDisplay:moduleSeveSegmentDisplay2|selectionSegment ; Lost fanout                                                                    ;
; moduleSeveSegmentDisplay:moduleSeveSegmentDisplay2|counter[0..3]    ; Lost fanout                                                                    ;
; moduleSeveSegmentDisplay:moduleSeveSegmentDisplay1|selectionSegment ; Lost fanout                                                                    ;
; moduleSeveSegmentDisplay:moduleSeveSegmentDisplay1|counter[0..3]    ; Lost fanout                                                                    ;
; moduleSeveSegmentDisplay:moduleSeveSegmentDisplay4|selectionSegment ; Merged with moduleSeveSegmentDisplay:moduleSeveSegmentDispla3|selectionSegment ;
; moduleSeveSegmentDisplay:moduleSeveSegmentDisplay4|counter[0]       ; Merged with moduleSeveSegmentDisplay:moduleSeveSegmentDispla3|counter[0]       ;
; moduleSeveSegmentDisplay:moduleSeveSegmentDisplay4|counter[1]       ; Merged with moduleSeveSegmentDisplay:moduleSeveSegmentDispla3|counter[1]       ;
; moduleSeveSegmentDisplay:moduleSeveSegmentDisplay4|counter[2]       ; Merged with moduleSeveSegmentDisplay:moduleSeveSegmentDispla3|counter[2]       ;
; moduleSeveSegmentDisplay:moduleSeveSegmentDisplay4|counter[3]       ; Merged with moduleSeveSegmentDisplay:moduleSeveSegmentDispla3|counter[3]       ;
; countSecondSecondDigit:countSecondSecondDigitModule|contandor[3]    ; Merged with countSecondFirstDigit:countSecondFirstDigitModule|second[3]        ;
; countSecondSecondDigit:countSecondSecondDigitModule|contandor[2]    ; Merged with countSecondFirstDigit:countSecondFirstDigitModule|second[2]        ;
; countSecondSecondDigit:countSecondSecondDigitModule|contandor[1]    ; Merged with countSecondFirstDigit:countSecondFirstDigitModule|second[1]        ;
; countSecondSecondDigit:countSecondSecondDigitModule|contandor[0]    ; Merged with countSecondFirstDigit:countSecondFirstDigitModule|second[0]        ;
; Total Number of Removed Registers = 39                              ;                                                                                ;
+---------------------------------------------------------------------+--------------------------------------------------------------------------------+


+----------------------------------------------------------------------------------------------------------------------------------------------------------+
; Removed Registers Triggering Further Register Optimizations                                                                                              ;
+---------------------------------------------------------+-------------------------+----------------------------------------------------------------------+
; Register name                                           ; Reason for Removal      ; Registers Removed due to This Register                               ;
+---------------------------------------------------------+-------------------------+----------------------------------------------------------------------+
; countHourSecondDigit:countHourSecondDigitModule|hour[0] ; Stuck at GND            ; moduleSeveSegmentDisplay:moduleSeveSegmentDisplay2|selectionSegment, ;
;                                                         ; due to stuck port clock ; moduleSeveSegmentDisplay:moduleSeveSegmentDisplay2|counter[0],       ;
;                                                         ;                         ; moduleSeveSegmentDisplay:moduleSeveSegmentDisplay2|counter[1],       ;
;                                                         ;                         ; moduleSeveSegmentDisplay:moduleSeveSegmentDisplay2|counter[2],       ;
;                                                         ;                         ; moduleSeveSegmentDisplay:moduleSeveSegmentDisplay2|counter[3]        ;
; countHourFirstDigit:countHourFirstDigitModule|hour[0]   ; Stuck at GND            ; moduleSeveSegmentDisplay:moduleSeveSegmentDisplay1|selectionSegment, ;
;                                                         ; due to stuck port clock ; moduleSeveSegmentDisplay:moduleSeveSegmentDisplay1|counter[0],       ;
;                                                         ;                         ; moduleSeveSegmentDisplay:moduleSeveSegmentDisplay1|counter[1],       ;
;                                                         ;                         ; moduleSeveSegmentDisplay:moduleSeveSegmentDisplay1|counter[2],       ;
;                                                         ;                         ; moduleSeveSegmentDisplay:moduleSeveSegmentDisplay1|counter[3]        ;
+---------------------------------------------------------+-------------------------+----------------------------------------------------------------------+


+------------------------------------------------------+
; General Register Statistics                          ;
+----------------------------------------------+-------+
; Statistic                                    ; Value ;
+----------------------------------------------+-------+
; Total registers                              ; 40    ;
; Number of registers using Synchronous Clear  ; 0     ;
; Number of registers using Synchronous Load   ; 0     ;
; Number of registers using Asynchronous Clear ; 8     ;
; Number of registers using Asynchronous Load  ; 0     ;
; Number of registers using Clock Enable       ; 3     ;
; Number of registers using Preset             ; 0     ;
+----------------------------------------------+-------+


+-------------------------------------------------------------------------------------------------------------------------------------------------------------------------+
; Port Connectivity Checks: "moduleSeveSegmentDisplay:moduleSeveSegmentDisplay4"                                                                                          ;
+-------+-------+----------+----------------------------------------------------------------------------------------------------------------------------------------------+
; Port  ; Type  ; Severity ; Details                                                                                                                                      ;
+-------+-------+----------+----------------------------------------------------------------------------------------------------------------------------------------------+
; reset ; Input ; Warning  ; Declared by entity but not connected by instance. If a default value exists, it will be used.  Otherwise, the port will be connected to GND. ;
+-------+-------+----------+----------------------------------------------------------------------------------------------------------------------------------------------+


+-------------------------------------------------------------------------------------------------------------------------------------------------------------------------+
; Port Connectivity Checks: "moduleSeveSegmentDisplay:moduleSeveSegmentDispla3"                                                                                           ;
+-------+-------+----------+----------------------------------------------------------------------------------------------------------------------------------------------+
; Port  ; Type  ; Severity ; Details                                                                                                                                      ;
+-------+-------+----------+----------------------------------------------------------------------------------------------------------------------------------------------+
; reset ; Input ; Warning  ; Declared by entity but not connected by instance. If a default value exists, it will be used.  Otherwise, the port will be connected to GND. ;
+-------+-------+----------+----------------------------------------------------------------------------------------------------------------------------------------------+


+-------------------------------------------------------------------------------------------------------------------------------------------------------------------------+
; Port Connectivity Checks: "moduleSeveSegmentDisplay:moduleSeveSegmentDisplay2"                                                                                          ;
+-------+-------+----------+----------------------------------------------------------------------------------------------------------------------------------------------+
; Port  ; Type  ; Severity ; Details                                                                                                                                      ;
+-------+-------+----------+----------------------------------------------------------------------------------------------------------------------------------------------+
; reset ; Input ; Warning  ; Declared by entity but not connected by instance. If a default value exists, it will be used.  Otherwise, the port will be connected to GND. ;
+-------+-------+----------+----------------------------------------------------------------------------------------------------------------------------------------------+


+-------------------------------------------------------------------------------------------------------------------------------------------------------------------------+
; Port Connectivity Checks: "moduleSeveSegmentDisplay:moduleSeveSegmentDisplay1"                                                                                          ;
+-------+-------+----------+----------------------------------------------------------------------------------------------------------------------------------------------+
; Port  ; Type  ; Severity ; Details                                                                                                                                      ;
+-------+-------+----------+----------------------------------------------------------------------------------------------------------------------------------------------+
; reset ; Input ; Warning  ; Declared by entity but not connected by instance. If a default value exists, it will be used.  Otherwise, the port will be connected to GND. ;
+-------+-------+----------+----------------------------------------------------------------------------------------------------------------------------------------------+


+-------------------------------+
; Elapsed Time Per Partition    ;
+----------------+--------------+
; Partition Name ; Elapsed Time ;
+----------------+--------------+
; Top            ; 00:00:00     ;
+----------------+--------------+


+-------------------------------+
; Analysis & Synthesis Messages ;
+-------------------------------+
Info: *******************************************************************
Info: Running Quartus II 64-Bit Analysis & Synthesis
    Info: Version 13.0.1 Build 232 06/12/2013 Service Pack 1 SJ Web Edition
    Info: Processing started: Fri Jun 23 04:52:40 2023
Info: Command: quartus_map --read_settings_files=on --write_settings_files=off RelogioDigital -c RelogioDigital
Warning (20028): Parallel compilation is not licensed and has been disabled
Warning (10259): Verilog HDL error at RelogioDigital.v(43): constant value overflow
Info (12021): Found 12 design units, including 12 entities, in source file relogiodigital.v
    Info (12023): Found entity 1: divisorDeFrequenciaSegundos
    Info (12023): Found entity 2: divisorDeFrequenciaMinutos
    Info (12023): Found entity 3: divisorDeFrequenciaHoras
    Info (12023): Found entity 4: segDisplayControl
    Info (12023): Found entity 5: moduleSeveSegmentDisplay
    Info (12023): Found entity 6: countSecondFirstDigit
    Info (12023): Found entity 7: countSecondSecondDigit
    Info (12023): Found entity 8: countMinuteFirstDigit
    Info (12023): Found entity 9: countMinuteSecondDigit
    Info (12023): Found entity 10: countHourFirstDigit
    Info (12023): Found entity 11: countHourSecondDigit
    Info (12023): Found entity 12: RelogioDigital
Info (12127): Elaborating entity "RelogioDigital" for the top level hierarchy
Info (12128): Elaborating entity "divisorDeFrequenciaSegundos" for hierarchy "divisorDeFrequenciaSegundos:divisorDeFrequenciaSegundos"
Warning (10230): Verilog HDL assignment warning at RelogioDigital.v(13): truncated value with size 32 to match size of target (26)
Info (12128): Elaborating entity "divisorDeFrequenciaMinutos" for hierarchy "divisorDeFrequenciaMinutos:divisorDeFrequenciaMinutos"
Warning (10230): Verilog HDL assignment warning at RelogioDigital.v(30): truncated value with size 32 to match size of target (26)
Warning (10034): Output port "clkDiv" at RelogioDigital.v(21) has no driver
Info (12128): Elaborating entity "divisorDeFrequenciaHoras" for hierarchy "divisorDeFrequenciaHoras:divisorDeFrequenciaHoras"
Warning (10230): Verilog HDL assignment warning at RelogioDigital.v(48): truncated value with size 32 to match size of target (26)
Warning (10034): Output port "clkDiv" at RelogioDigital.v(39) has no driver
Info (12128): Elaborating entity "countSecondFirstDigit" for hierarchy "countSecondFirstDigit:countSecondFirstDigitModule"
Warning (10230): Verilog HDL assignment warning at RelogioDigital.v(132): truncated value with size 32 to match size of target (4)
Info (12128): Elaborating entity "countSecondSecondDigit" for hierarchy "countSecondSecondDigit:countSecondSecondDigitModule"
Info (12128): Elaborating entity "countMinuteFirstDigit" for hierarchy "countMinuteFirstDigit:countMinuteFirstDigiteModule"
Warning (10230): Verilog HDL assignment warning at RelogioDigital.v(176): truncated value with size 32 to match size of target (4)
Info (12128): Elaborating entity "countMinuteSecondDigit" for hierarchy "countMinuteSecondDigit:countMinuteSecondDigitModule"
Info (12128): Elaborating entity "countHourFirstDigit" for hierarchy "countHourFirstDigit:countHourFirstDigitModule"
Warning (10230): Verilog HDL assignment warning at RelogioDigital.v(221): truncated value with size 32 to match size of target (4)
Info (12128): Elaborating entity "countHourSecondDigit" for hierarchy "countHourSecondDigit:countHourSecondDigitModule"
Info (12128): Elaborating entity "moduleSeveSegmentDisplay" for hierarchy "moduleSeveSegmentDisplay:moduleSeveSegmentDisplay1"
Warning (10230): Verilog HDL assignment warning at RelogioDigital.v(102): truncated value with size 32 to match size of target (4)
Info (12128): Elaborating entity "segDisplayControl" for hierarchy "moduleSeveSegmentDisplay:moduleSeveSegmentDisplay1|segDisplayControl:segDisplay1"
Warning (12241): 4 hierarchies have connectivity warnings - see the Connectivity Checks report folder
Warning (13024): Output pins are stuck at VCC or GND
    Warning (13410): Pin "f1[0]" is stuck at GND
    Warning (13410): Pin "f1[1]" is stuck at GND
    Warning (13410): Pin "f1[2]" is stuck at GND
    Warning (13410): Pin "f1[3]" is stuck at GND
    Warning (13410): Pin "f1[4]" is stuck at GND
    Warning (13410): Pin "f1[5]" is stuck at GND
    Warning (13410): Pin "f1[6]" is stuck at VCC
    Warning (13410): Pin "f2[0]" is stuck at GND
    Warning (13410): Pin "f2[1]" is stuck at GND
    Warning (13410): Pin "f2[2]" is stuck at GND
    Warning (13410): Pin "f2[3]" is stuck at GND
    Warning (13410): Pin "f2[4]" is stuck at GND
    Warning (13410): Pin "f2[5]" is stuck at GND
    Warning (13410): Pin "f2[6]" is stuck at VCC
Info (286030): Timing-Driven Synthesis is running
Info (17049): 10 registers lost all their fanouts during netlist optimizations.
Info (16010): Generating hard_block partition "hard_block:auto_generated_inst"
    Info (16011): Adding 0 node(s), including 0 DDIO, 0 PLL, 0 transceiver and 0 LCELL
Info (21057): Implemented 123 device resources after synthesis - the final resource count might be different
    Info (21058): Implemented 2 input pins
    Info (21059): Implemented 28 output pins
    Info (21061): Implemented 93 logic cells
Info: Quartus II 64-Bit Analysis & Synthesis was successful. 0 errors, 27 warnings
    Info: Peak virtual memory: 4585 megabytes
    Info: Processing ended: Fri Jun 23 04:52:42 2023
    Info: Elapsed time: 00:00:02
    Info: Total CPU time (on all processors): 00:00:00


